Arguments: 
  C:\Program Files\nodejs\node.exe C:\Users\DnyaneshwariDeshmukh\AppData\Roaming\npm\node_modules\yarn\bin\yarn.js add antd

PATH: 
  C:\Program Files\Java\jdk1.8.0_241\bin;C:\Program Files (x86)\Intel\Intel(R) Management Engine Components\iCLS\;C:\mvn\bin;C:\Program Files\Intel\Intel(R) Management Engine Components\iCLS\;C:\WINDOWS\system32;C:\WINDOWS;C:\WINDOWS\System32\Wbem;C:\WINDOWS\System32\WindowsPowerShell\v1.0\;C:\WINDOWS\System32\OpenSSH\;C:\Program Files (x86)\Intel\Intel(R) Management Engine Components\DAL;C:\Program Files\Intel\Intel(R) Management Engine Components\DAL;C:\Program Files\Git\cmd;C:\Program Files\Intel\WiFi\bin\;C:\Program Files\Common Files\Intel\WirelessCommon\;C:\Program Files\PuTTY\;C:\ProgramData\chocolatey\bin;C:\Users\DnyaneshwariDeshmukh\AppData\Roaming\npm;C:\Users\DnyaneshwariDeshmukh\go\bin;%GOBIN%;C:\MyCode\cms-ui;%GOROOT%;C:\Program Files\Go\bin;C:\Program Files (x86)\GitExtensions\;C:\Program Files\nodejs\;C:\Users\DnyaneshwariDeshmukh\AppData\Local\Microsoft\WindowsApps;C:\Users\DnyaneshwariDeshmukh\AppData\Local\Programs\Microsoft VS Code\bin;C:\TDM-GCC-64\bin;C:\Users\DnyaneshwariDeshmukh\go\bin;C:\FlutterProgramimg\flutter\bin;C:\Users\DnyaneshwariDeshmukh\AppData\Roaming\npm

Yarn version: 
  1.22.19

Node version: 
  20.11.1

Platform: 
  win32 x64

Trace: 
  Error: EPERM: operation not permitted, unlink 'C:\Synectiks\hrms\node_modules\@next\swc-win32-x64-msvc\next-swc.win32-x64-msvc.node'

npm manifest: 
  {
    "name": "hrms1",
    "version": "0.1.0",
    "private": true,
    "scripts": {
      "dev": "next dev",
      "build": "next build",
      "start": "next start",
      "lint": "next lint"
    },
    "dependencies": {
      "@reduxjs/toolkit": "^2.2.1",
      "antd": "^5.14.1",
      "formik": "^2.4.5",
      "next": "14.1.0",
      "react": "^18",
      "react-dom": "^18",
      "react-icons": "^5.0.1",
      "react-redux": "^9.1.0",
      "yup": "^1.3.3"
    },
    "devDependencies": {
      "autoprefixer": "^10.0.1",
      "eslint": "^8",
      "eslint-config-next": "14.1.0",
      "postcss": "^8",
      "tailwindcss": "^3.3.0"
    }
  }

yarn manifest: 
  No manifest

Lockfile: 
  No lockfile
